cryptlib.lib(cryptlib.obj) : error LNK2038: обнаружено несоответствие для "_ITERATOR_DEBUG_LEVEL": значение "0" не соответствует значению "2" в laba6.obj
cryptlib.lib(cryptlib.obj) : error LNK2038: обнаружено несоответствие для "RuntimeLibrary": значение "MT_StaticRelease" не соответствует значению "MTd_StaticDebug" в laba6.obj
cryptlib.lib(filters.obj) : error LNK2038: обнаружено несоответствие для "_ITERATOR_DEBUG_LEVEL": значение "0" не соответствует значению "2" в laba6.obj
cryptlib.lib(filters.obj) : error LNK2038: обнаружено несоответствие для "RuntimeLibrary": значение "MT_StaticRelease" не соответствует значению "MTd_StaticDebug" в laba6.obj
cryptlib.lib(allocate.obj) : error LNK2038: обнаружено несоответствие для "_ITERATOR_DEBUG_LEVEL": значение "0" не соответствует значению "2" в laba6.obj
cryptlib.lib(allocate.obj) : error LNK2038: обнаружено несоответствие для "RuntimeLibrary": значение "MT_StaticRelease" не соответствует значению "MTd_StaticDebug" в laba6.obj
cryptlib.lib(integer.obj) : error LNK2038: обнаружено несоответствие для "_ITERATOR_DEBUG_LEVEL": значение "0" не соответствует значению "2" в laba6.obj
cryptlib.lib(integer.obj) : error LNK2038: обнаружено несоответствие для "RuntimeLibrary": значение "MT_StaticRelease" не соответствует значению "MTd_StaticDebug" в laba6.obj
cryptlib.lib(algparam.obj) : error LNK2038: обнаружено несоответствие для "_ITERATOR_DEBUG_LEVEL": значение "0" не соответствует значению "2" в laba6.obj
cryptlib.lib(algparam.obj) : error LNK2038: обнаружено несоответствие для "RuntimeLibrary": значение "MT_StaticRelease" не соответствует значению "MTd_StaticDebug" в laba6.obj
cryptlib.lib(basecode.obj) : error LNK2038: обнаружено несоответствие для "_ITERATOR_DEBUG_LEVEL": значение "0" не соответствует значению "2" в laba6.obj
cryptlib.lib(basecode.obj) : error LNK2038: обнаружено несоответствие для "RuntimeLibrary": значение "MT_StaticRelease" не соответствует значению "MTd_StaticDebug" в laba6.obj
cryptlib.lib(hex.obj) : error LNK2038: обнаружено несоответствие для "_ITERATOR_DEBUG_LEVEL": значение "0" не соответствует значению "2" в laba6.obj
cryptlib.lib(hex.obj) : error LNK2038: обнаружено несоответствие для "RuntimeLibrary": значение "MT_StaticRelease" не соответствует значению "MTd_StaticDebug" в laba6.obj
cryptlib.lib(iterhash.obj) : error LNK2038: обнаружено несоответствие для "_ITERATOR_DEBUG_LEVEL": значение "0" не соответствует значению "2" в laba6.obj
cryptlib.lib(iterhash.obj) : error LNK2038: обнаружено несоответствие для "RuntimeLibrary": значение "MT_StaticRelease" не соответствует значению "MTd_StaticDebug" в laba6.obj
cryptlib.lib(md5.obj) : error LNK2038: обнаружено несоответствие для "_ITERATOR_DEBUG_LEVEL": значение "0" не соответствует значению "2" в laba6.obj
cryptlib.lib(md5.obj) : error LNK2038: обнаружено несоответствие для "RuntimeLibrary": значение "MT_StaticRelease" не соответствует значению "MTd_StaticDebug" в laba6.obj
cryptlib.lib(misc.obj) : error LNK2038: обнаружено несоответствие для "_ITERATOR_DEBUG_LEVEL": значение "0" не соответствует значению "2" в laba6.obj
cryptlib.lib(misc.obj) : error LNK2038: обнаружено несоответствие для "RuntimeLibrary": значение "MT_StaticRelease" не соответствует значению "MTd_StaticDebug" в laba6.obj
cryptlib.lib(queue.obj) : error LNK2038: обнаружено несоответствие для "_ITERATOR_DEBUG_LEVEL": значение "0" не соответствует значению "2" в laba6.obj
cryptlib.lib(queue.obj) : error LNK2038: обнаружено несоответствие для "RuntimeLibrary": значение "MT_StaticRelease" не соответствует значению "MTd_StaticDebug" в laba6.obj
cryptlib.lib(fips140.obj) : error LNK2038: обнаружено несоответствие для "_ITERATOR_DEBUG_LEVEL": значение "0" не соответствует значению "2" в laba6.obj
cryptlib.lib(fips140.obj) : error LNK2038: обнаружено несоответствие для "RuntimeLibrary": значение "MT_StaticRelease" не соответствует значению "MTd_StaticDebug" в laba6.obj
cryptlib.lib(pch.obj) : error LNK2038: обнаружено несоответствие для "_ITERATOR_DEBUG_LEVEL": значение "0" не соответствует значению "2" в laba6.obj
cryptlib.lib(pch.obj) : error LNK2038: обнаружено несоответствие для "RuntimeLibrary": значение "MT_StaticRelease" не соответствует значению "MTd_StaticDebug" в laba6.obj
cryptlib.lib(mqueue.obj) : error LNK2038: обнаружено несоответствие для "_ITERATOR_DEBUG_LEVEL": значение "0" не соответствует значению "2" в laba6.obj
cryptlib.lib(mqueue.obj) : error LNK2038: обнаружено несоответствие для "RuntimeLibrary": значение "MT_StaticRelease" не соответствует значению "MTd_StaticDebug" в laba6.obj
cryptlib.lib(dll.obj) : error LNK2038: обнаружено несоответствие для "_ITERATOR_DEBUG_LEVEL": значение "0" не соответствует значению "2" в laba6.obj
cryptlib.lib(dll.obj) : error LNK2038: обнаружено несоответствие для "RuntimeLibrary": значение "MT_StaticRelease" не соответствует значению "MTd_StaticDebug" в laba6.obj
cryptlib.lib(nbtheory.obj) : error LNK2038: обнаружено несоответствие для "_ITERATOR_DEBUG_LEVEL": значение "0" не соответствует значению "2" в laba6.obj
cryptlib.lib(nbtheory.obj) : error LNK2038: обнаружено несоответствие для "RuntimeLibrary": значение "MT_StaticRelease" не соответствует значению "MTd_StaticDebug" в laba6.obj
cryptlib.lib(asn.obj) : error LNK2038: обнаружено несоответствие для "_ITERATOR_DEBUG_LEVEL": значение "0" не соответствует значению "2" в laba6.obj
cryptlib.lib(asn.obj) : error LNK2038: обнаружено несоответствие для "RuntimeLibrary": значение "MT_StaticRelease" не соответствует значению "MTd_StaticDebug" в laba6.obj
cryptlib.lib(pubkey.obj) : error LNK2038: обнаружено несоответствие для "_ITERATOR_DEBUG_LEVEL": значение "0" не соответствует значению "2" в laba6.obj
cryptlib.lib(pubkey.obj) : error LNK2038: обнаружено несоответствие для "RuntimeLibrary": значение "MT_StaticRelease" не соответствует значению "MTd_StaticDebug" в laba6.obj
cryptlib.lib(sha.obj) : error LNK2038: обнаружено несоответствие для "_ITERATOR_DEBUG_LEVEL": значение "0" не соответствует значению "2" в laba6.obj
cryptlib.lib(sha.obj) : error LNK2038: обнаружено несоответствие для "RuntimeLibrary": значение "MT_StaticRelease" не соответствует значению "MTd_StaticDebug" в laba6.obj
cryptlib.lib(rijndael.obj) : error LNK2038: обнаружено несоответствие для "_ITERATOR_DEBUG_LEVEL": значение "0" не соответствует значению "2" в laba6.obj
cryptlib.lib(rijndael.obj) : error LNK2038: обнаружено несоответствие для "RuntimeLibrary": значение "MT_StaticRelease" не соответствует значению "MTd_StaticDebug" в laba6.obj
cryptlib.lib(modes.obj) : error LNK2038: обнаружено несоответствие для "_ITERATOR_DEBUG_LEVEL": значение "0" не соответствует значению "2" в laba6.obj
cryptlib.lib(modes.obj) : error LNK2038: обнаружено несоответствие для "RuntimeLibrary": значение "MT_StaticRelease" не соответствует значению "MTd_StaticDebug" в laba6.obj
cryptlib.lib(gfpcrypt.obj) : error LNK2038: обнаружено несоответствие для "_ITERATOR_DEBUG_LEVEL": значение "0" не соответствует значению "2" в laba6.obj
cryptlib.lib(gfpcrypt.obj) : error LNK2038: обнаружено несоответствие для "RuntimeLibrary": значение "MT_StaticRelease" не соответствует значению "MTd_StaticDebug" в laba6.obj
cryptlib.lib(hmac.obj) : error LNK2038: обнаружено несоответствие для "_ITERATOR_DEBUG_LEVEL": значение "0" не соответствует значению "2" в laba6.obj
cryptlib.lib(hmac.obj) : error LNK2038: обнаружено несоответствие для "RuntimeLibrary": значение "MT_StaticRelease" не соответствует значению "MTd_StaticDebug" в laba6.obj
cryptlib.lib(gf2n.obj) : error LNK2038: обнаружено несоответствие для "_ITERATOR_DEBUG_LEVEL": значение "0" не соответствует значению "2" в laba6.obj
cryptlib.lib(gf2n.obj) : error LNK2038: обнаружено несоответствие для "RuntimeLibrary": значение "MT_StaticRelease" не соответствует значению "MTd_StaticDebug" в laba6.obj
cryptlib.lib(ec2n.obj) : error LNK2038: обнаружено несоответствие для "_ITERATOR_DEBUG_LEVEL": значение "0" не соответствует значению "2" в laba6.obj
cryptlib.lib(ec2n.obj) : error LNK2038: обнаружено несоответствие для "RuntimeLibrary": значение "MT_StaticRelease" не соответствует значению "MTd_StaticDebug" в laba6.obj
cryptlib.lib(ecp.obj) : error LNK2038: обнаружено несоответствие для "_ITERATOR_DEBUG_LEVEL": значение "0" не соответствует значению "2" в laba6.obj
cryptlib.lib(ecp.obj) : error LNK2038: обнаружено несоответствие для "RuntimeLibrary": значение "MT_StaticRelease" не соответствует значению "MTd_StaticDebug" в laba6.obj
cryptlib.lib(rng.obj) : error LNK2038: обнаружено несоответствие для "_ITERATOR_DEBUG_LEVEL": значение "0" не соответствует значению "2" в laba6.obj
cryptlib.lib(rng.obj) : error LNK2038: обнаружено несоответствие для "RuntimeLibrary": значение "MT_StaticRelease" не соответствует значению "MTd_StaticDebug" в laba6.obj
cryptlib.lib(osrng.obj) : error LNK2038: обнаружено несоответствие для "_ITERATOR_DEBUG_LEVEL": значение "0" не соответствует значению "2" в laba6.obj
cryptlib.lib(osrng.obj) : error LNK2038: обнаружено несоответствие для "RuntimeLibrary": значение "MT_StaticRelease" не соответствует значению "MTd_StaticDebug" в laba6.obj
cryptlib.lib(primetab.obj) : error LNK2038: обнаружено несоответствие для "_ITERATOR_DEBUG_LEVEL": значение "0" не соответствует значению "2" в laba6.obj
cryptlib.lib(primetab.obj) : error LNK2038: обнаружено несоответствие для "RuntimeLibrary": значение "MT_StaticRelease" не соответствует значению "MTd_StaticDebug" в laba6.obj
cryptlib.lib(cpu.obj) : error LNK2038: обнаружено несоответствие для "_ITERATOR_DEBUG_LEVEL": значение "0" не соответствует значению "2" в laba6.obj
cryptlib.lib(cpu.obj) : error LNK2038: обнаружено несоответствие для "RuntimeLibrary": значение "MT_StaticRelease" не соответствует значению "MTd_StaticDebug" в laba6.obj
cryptlib.lib(sha_simd.obj) : error LNK2038: обнаружено несоответствие для "_ITERATOR_DEBUG_LEVEL": значение "0" не соответствует значению "2" в laba6.obj
cryptlib.lib(sha_simd.obj) : error LNK2038: обнаружено несоответствие для "RuntimeLibrary": значение "MT_StaticRelease" не соответствует значению "MTd_StaticDebug" в laba6.obj
cryptlib.lib(rijndael_simd.obj) : error LNK2038: обнаружено несоответствие для "_ITERATOR_DEBUG_LEVEL": значение "0" не соответствует значению "2" в laba6.obj
cryptlib.lib(rijndael_simd.obj) : error LNK2038: обнаружено несоответствие для "RuntimeLibrary": значение "MT_StaticRelease" не соответствует значению "MTd_StaticDebug" в laba6.obj
cryptlib.lib(rdtables.obj) : error LNK2038: обнаружено несоответствие для "_ITERATOR_DEBUG_LEVEL": значение "0" не соответствует значению "2" в laba6.obj
cryptlib.lib(rdtables.obj) : error LNK2038: обнаружено несоответствие для "RuntimeLibrary": значение "MT_StaticRelease" не соответствует значению "MTd_StaticDebug" в laba6.obj
cryptlib.lib(randpool.obj) : error LNK2038: обнаружено несоответствие для "_ITERATOR_DEBUG_LEVEL": значение "0" не соответствует значению "2" в laba6.obj
cryptlib.lib(randpool.obj) : error LNK2038: обнаружено несоответствие для "RuntimeLibrary": значение "MT_StaticRelease" не соответствует значению "MTd_StaticDebug" в laba6.obj
cryptlib.lib(gf2n_simd.obj) : error LNK2038: обнаружено несоответствие для "_ITERATOR_DEBUG_LEVEL": значение "0" не соответствует значению "2" в laba6.obj
cryptlib.lib(gf2n_simd.obj) : error LNK2038: обнаружено несоответствие для "RuntimeLibrary": значение "MT_StaticRelease" не соответствует значению "MTd_StaticDebug" в laba6.obj
cryptlib.lib(sse_simd.obj) : error LNK2038: обнаружено несоответствие для "_ITERATOR_DEBUG_LEVEL": значение "0" не соответствует значению "2" в laba6.obj
cryptlib.lib(sse_simd.obj) : error LNK2038: обнаружено несоответствие для "RuntimeLibrary": значение "MT_StaticRelease" не соответствует значению "MTd_StaticDebug" в laba6.obj
cryptlib.lib(hrtimer.obj) : error LNK2038: обнаружено несоответствие для "_ITERATOR_DEBUG_LEVEL": значение "0" не соответствует значению "2" в laba6.obj
cryptlib.lib(hrtimer.obj) : error LNK2038: обнаружено несоответствие для "RuntimeLibrary": значение "MT_StaticRelease" не соответствует значению "MTd_StaticDebug" в laba6.obj
libcpmtd.lib(wlocale.obj) : error LNK2001: неразрешенный внешний символ _calloc_dbg.
libcpmtd.lib(xlocale.obj) : error LNK2001: неразрешенный внешний символ _calloc_dbg.
laba6.obj : error LNK2001: неразрешенный внешний символ _calloc_dbg.
libcpmtd.lib(_tolower.obj) : error LNK2001: неразрешенный внешний символ _calloc_dbg.
libcpmtd.lib(mutex.obj) : error LNK2001: неразрешенный внешний символ _calloc_dbg.
libcpmtd.lib(locale.obj) : error LNK2001: неразрешенный внешний символ _calloc_dbg.
libcpmtd.lib(StlCompareStringA.obj) : error LNK2001: неразрешенный внешний символ _free_dbg.
libcpmtd.lib(StlLCMapStringA.obj) : error LNK2001: неразрешенный внешний символ _free_dbg.
libcpmtd.lib(wlocale.obj) : error LNK2001: неразрешенный внешний символ _free_dbg.
libcpmtd.lib(xlocale.obj) : error LNK2001: неразрешенный внешний символ _free_dbg.
libcpmtd.lib(xwcsxfrm.obj) : error LNK2001: неразрешенный внешний символ _free_dbg.
libcpmtd.lib(cout.obj) : error LNK2001: неразрешенный внешний символ _free_dbg.
libcpmtd.lib(cerr.obj) : error LNK2001: неразрешенный внешний символ _free_dbg.
libcpmtd.lib(mutex.obj) : error LNK2001: неразрешенный внешний символ _free_dbg.
libcpmtd.lib(locale.obj) : error LNK2001: неразрешенный внешний символ _free_dbg.
laba6.obj : error LNK2001: неразрешенный внешний символ _free_dbg.
laba6_StaticLib.lib(password.obj) : error LNK2001: неразрешенный внешний символ _free_dbg.
libcpmtd.lib(locale0.obj) : error LNK2001: неразрешенный внешний символ _free_dbg.
libcpmtd.lib(cin.obj) : error LNK2001: неразрешенный внешний символ _free_dbg.
libcpmtd.lib(wlocale.obj) : error LNK2001: неразрешенный внешний символ _malloc_dbg.
libcpmtd.lib(xlocale.obj) : error LNK2001: неразрешенный внешний символ _malloc_dbg.
libcpmtd.lib(xwcsxfrm.obj) : error LNK2001: неразрешенный внешний символ _malloc_dbg.
libcpmtd.lib(StlCompareStringA.obj) : error LNK2001: неразрешенный внешний символ _malloc_dbg.
libcpmtd.lib(cout.obj) : error LNK2001: неразрешенный внешний символ _malloc_dbg.
libcpmtd.lib(cerr.obj) : error LNK2001: неразрешенный внешний символ _malloc_dbg.
libcpmtd.lib(locale.obj) : error LNK2001: неразрешенный внешний символ _malloc_dbg.
libcpmtd.lib(StlLCMapStringA.obj) : error LNK2001: неразрешенный внешний символ _malloc_dbg.
laba6.obj : error LNK2001: неразрешенный внешний символ _malloc_dbg.
laba6_StaticLib.lib(password.obj) : error LNK2001: неразрешенный внешний символ _malloc_dbg.
libcpmtd.lib(locale0.obj) : error LNK2001: неразрешенный внешний символ _malloc_dbg.
libcpmtd.lib(cin.obj) : error LNK2001: неразрешенный внешний символ _malloc_dbg.
libcpmtd.lib(wlocale.obj) : error LNK2001: неразрешенный внешний символ _CrtDbgReport.
libcpmtd.lib(xlocale.obj) : error LNK2001: неразрешенный внешний символ _CrtDbgReport.
libcpmtd.lib(cerr.obj) : error LNK2001: неразрешенный внешний символ _CrtDbgReport.
libcpmtd.lib(thread0.obj) : error LNK2001: неразрешенный внешний символ _CrtDbgReport.
libcpmtd.lib(locale.obj) : error LNK2001: неразрешенный внешний символ _CrtDbgReport.
libcpmtd.lib(xtime.obj) : error LNK2001: неразрешенный внешний символ _CrtDbgReport.
laba6.obj : error LNK2001: неразрешенный внешний символ _CrtDbgReport.
laba6_StaticLib.lib(password.obj) : error LNK2001: неразрешенный внешний символ _CrtDbgReport.
libcpmtd.lib(cin.obj) : error LNK2001: неразрешенный внешний символ _CrtDbgReport.
libcpmtd.lib(cout.obj) : error LNK2001: неразрешенный внешний символ _CrtDbgReport.
libcpmtd.lib(_tolower.obj) : error LNK2019: ссылка на неразрешенный внешний символ _wcsdup_dbg в функции _Getctype.
libcpmtd.lib(xstrcoll.obj) : error LNK2001: неразрешенный внешний символ _wcsdup_dbg.
libcpmtd.lib(locale.obj) : error LNK2019: ссылка на неразрешенный внешний символ _realloc_dbg в функции "private: static void __cdecl std::locale::_Locimp::_Locimp_Addfac(class std::locale::_Locimp *,class std::locale::facet *,unsigned __int64)" (?_Locimp_Addfac@_Locimp@locale@std@@CAXPEAV123@PEAVfacet@23@_K@Z).
libcpmtd.lib(StlLCMapStringA.obj) : error LNK2019: ссылка на неразрешенный внешний символ _CrtDbgReportW в функции _freea_crt.
libcpmtd.lib(xmbtowc.obj) : error LNK2001: неразрешенный внешний символ _CrtDbgReportW.
libcpmtd.lib(StlCompareStringA.obj) : error LNK2001: неразрешенный внешний символ _CrtDbgReportW.
D:\Visual Studio\repos\laba6\x64\Debug\main.exe : fatal error LNK1120: неразрешенных внешних элементов: 7
