  laba6.cpp
  You may be using a weak algorithm that has been retained for backwards compatibility. Please '#define CRYPTOPP_ENABLE_NAMESPACE_WEAK 1' before including this .h file and prepend the class name with 'Weak::' to remove this warning.
libcpmtd.lib(xlocale.obj) : error LNK2001: неразрешенный внешний символ __calloc_dbg.
laba6.obj : error LNK2001: неразрешенный внешний символ __calloc_dbg.
libcpmtd.lib(_tolower.obj) : error LNK2001: неразрешенный внешний символ __calloc_dbg.
libcpmtd.lib(locale.obj) : error LNK2001: неразрешенный внешний символ __calloc_dbg.
libcpmtd.lib(wlocale.obj) : error LNK2001: неразрешенный внешний символ __calloc_dbg.
libcpmtd.lib(xlocale.obj) : error LNK2001: неразрешенный внешний символ __free_dbg.
libcpmtd.lib(xwcsxfrm.obj) : error LNK2001: неразрешенный внешний символ __free_dbg.
libcpmtd.lib(StlCompareStringA.obj) : error LNK2001: неразрешенный внешний символ __free_dbg.
libcpmtd.lib(cerr.obj) : error LNK2001: неразрешенный внешний символ __free_dbg.
libcpmtd.lib(locale.obj) : error LNK2001: неразрешенный внешний символ __free_dbg.
libcpmtd.lib(StlLCMapStringA.obj) : error LNK2001: неразрешенный внешний символ __free_dbg.
libcpmtd.lib(wlocale.obj) : error LNK2001: неразрешенный внешний символ __free_dbg.
laba6.obj : error LNK2001: неразрешенный внешний символ __free_dbg.
libcpmtd.lib(locale0.obj) : error LNK2001: неразрешенный внешний символ __free_dbg.
libcpmtd.lib(cin.obj) : error LNK2001: неразрешенный внешний символ __free_dbg.
libcpmtd.lib(cout.obj) : error LNK2001: неразрешенный внешний символ __free_dbg.
libcpmtd.lib(xlocale.obj) : error LNK2001: неразрешенный внешний символ __malloc_dbg.
libcpmtd.lib(xwcsxfrm.obj) : error LNK2001: неразрешенный внешний символ __malloc_dbg.
libcpmtd.lib(StlCompareStringA.obj) : error LNK2001: неразрешенный внешний символ __malloc_dbg.
libcpmtd.lib(cerr.obj) : error LNK2001: неразрешенный внешний символ __malloc_dbg.
libcpmtd.lib(locale.obj) : error LNK2001: неразрешенный внешний символ __malloc_dbg.
libcpmtd.lib(StlLCMapStringA.obj) : error LNK2001: неразрешенный внешний символ __malloc_dbg.
libcpmtd.lib(wlocale.obj) : error LNK2001: неразрешенный внешний символ __malloc_dbg.
laba6.obj : error LNK2001: неразрешенный внешний символ __malloc_dbg.
libcpmtd.lib(locale0.obj) : error LNK2001: неразрешенный внешний символ __malloc_dbg.
libcpmtd.lib(cin.obj) : error LNK2001: неразрешенный внешний символ __malloc_dbg.
libcpmtd.lib(cout.obj) : error LNK2001: неразрешенный внешний символ __malloc_dbg.
libcpmtd.lib(locale.obj) : error LNK2001: неразрешенный внешний символ __CrtDbgReport.
libcpmtd.lib(wlocale.obj) : error LNK2001: неразрешенный внешний символ __CrtDbgReport.
libcpmtd.lib(xlocale.obj) : error LNK2001: неразрешенный внешний символ __CrtDbgReport.
laba6.obj : error LNK2001: неразрешенный внешний символ __CrtDbgReport.
libcpmtd.lib(cin.obj) : error LNK2001: неразрешенный внешний символ __CrtDbgReport.
libcpmtd.lib(cout.obj) : error LNK2001: неразрешенный внешний символ __CrtDbgReport.
libcpmtd.lib(cerr.obj) : error LNK2001: неразрешенный внешний символ __CrtDbgReport.
laba6.obj : error LNK2019: ссылка на неразрешенный внешний символ "public: __thiscall CryptoPP::Algorithm::Algorithm(bool)" (??0Algorithm@CryptoPP@@QAE@_N@Z) в функции "public: __thiscall CryptoPP::BufferedTransformation::BufferedTransformation(void)" (??0BufferedTransformation@CryptoPP@@QAE@XZ).
laba6.obj : error LNK2001: неразрешенный внешний символ "public: virtual bool __thiscall CryptoPP::HashTransformation::TruncatedVerify(unsigned char const *,unsigned int)" (?TruncatedVerify@HashTransformation@CryptoPP@@UAE_NPBEI@Z).
laba6.obj : error LNK2001: неразрешенный внешний символ "public: virtual unsigned int __thiscall CryptoPP::BufferedTransformation::GetMaxWaitObjectCount(void)const " (?GetMaxWaitObjectCount@BufferedTransformation@CryptoPP@@UBEIXZ).
laba6.obj : error LNK2001: неразрешенный внешний символ "public: virtual void __thiscall CryptoPP::BufferedTransformation::GetWaitObjects(class CryptoPP::WaitObjectContainer &,class CryptoPP::CallStack const &)" (?GetWaitObjects@BufferedTransformation@CryptoPP@@UAEXAAVWaitObjectContainer@2@ABVCallStack@2@@Z).
laba6.obj : error LNK2001: неразрешенный внешний символ "public: virtual void __thiscall CryptoPP::BufferedTransformation::Initialize(class CryptoPP::NameValuePairs const &,int)" (?Initialize@BufferedTransformation@CryptoPP@@UAEXABVNameValuePairs@2@H@Z).
laba6.obj : error LNK2001: неразрешенный внешний символ "public: virtual bool __thiscall CryptoPP::BufferedTransformation::Flush(bool,int,bool)" (?Flush@BufferedTransformation@CryptoPP@@UAE_N_NH0@Z).
laba6.obj : error LNK2001: неразрешенный внешний символ "public: virtual bool __thiscall CryptoPP::BufferedTransformation::MessageSeriesEnd(int,bool)" (?MessageSeriesEnd@BufferedTransformation@CryptoPP@@UAE_NH_N@Z).
laba6.obj : error LNK2001: неразрешенный внешний символ "public: virtual unsigned __int64 __thiscall CryptoPP::BufferedTransformation::MaxRetrievable(void)const " (?MaxRetrievable@BufferedTransformation@CryptoPP@@UBE_KXZ).
laba6.obj : error LNK2001: неразрешенный внешний символ "public: virtual bool __thiscall CryptoPP::BufferedTransformation::AnyRetrievable(void)const " (?AnyRetrievable@BufferedTransformation@CryptoPP@@UBE_NXZ).
laba6.obj : error LNK2001: неразрешенный внешний символ "public: virtual unsigned int __thiscall CryptoPP::BufferedTransformation::Get(unsigned char &)" (?Get@BufferedTransformation@CryptoPP@@UAEIAAE@Z).
laba6.obj : error LNK2001: неразрешенный внешний символ "public: virtual unsigned int __thiscall CryptoPP::BufferedTransformation::Get(unsigned char *,unsigned int)" (?Get@BufferedTransformation@CryptoPP@@UAEIPAEI@Z).
laba6.obj : error LNK2001: неразрешенный внешний символ "public: virtual unsigned int __thiscall CryptoPP::BufferedTransformation::Peek(unsigned char &)const " (?Peek@BufferedTransformation@CryptoPP@@UBEIAAE@Z).
laba6.obj : error LNK2001: неразрешенный внешний символ "public: virtual unsigned int __thiscall CryptoPP::BufferedTransformation::Peek(unsigned char *,unsigned int)const " (?Peek@BufferedTransformation@CryptoPP@@UBEIPAEI@Z).
laba6.obj : error LNK2001: неразрешенный внешний символ "public: virtual unsigned __int64 __thiscall CryptoPP::BufferedTransformation::Skip(unsigned __int64)" (?Skip@BufferedTransformation@CryptoPP@@UAE_K_K@Z).
laba6.obj : error LNK2001: неразрешенный внешний символ "public: virtual unsigned __int64 __thiscall CryptoPP::BufferedTransformation::TotalBytesRetrievable(void)const " (?TotalBytesRetrievable@BufferedTransformation@CryptoPP@@UBE_KXZ).
laba6.obj : error LNK2001: неразрешенный внешний символ "public: virtual unsigned int __thiscall CryptoPP::BufferedTransformation::NumberOfMessages(void)const " (?NumberOfMessages@BufferedTransformation@CryptoPP@@UBEIXZ).
laba6.obj : error LNK2001: неразрешенный внешний символ "public: virtual bool __thiscall CryptoPP::BufferedTransformation::AnyMessages(void)const " (?AnyMessages@BufferedTransformation@CryptoPP@@UBE_NXZ).
laba6.obj : error LNK2001: неразрешенный внешний символ "public: virtual bool __thiscall CryptoPP::BufferedTransformation::GetNextMessage(void)" (?GetNextMessage@BufferedTransformation@CryptoPP@@UAE_NXZ).
laba6.obj : error LNK2001: неразрешенный внешний символ "public: virtual unsigned int __thiscall CryptoPP::BufferedTransformation::SkipMessages(unsigned int)" (?SkipMessages@BufferedTransformation@CryptoPP@@UAEII@Z).
laba6.obj : error LNK2001: неразрешенный внешний символ "public: virtual void __thiscall CryptoPP::BufferedTransformation::SkipAll(void)" (?SkipAll@BufferedTransformation@CryptoPP@@UAEXXZ).
laba6.obj : error LNK2019: ссылка на неразрешенный внешний символ "public: unsigned int __thiscall CryptoPP::BufferedTransformation::TransferMessagesTo2(class CryptoPP::BufferedTransformation &,unsigned int &,class std::basic_string<char,struct std::char_traits<char>,class std::allocator<char> > const &,bool)" (?TransferMessagesTo2@BufferedTransformation@CryptoPP@@QAEIAAV12@AAIABV?$basic_string@DU?$char_traits@D@std@@V?$allocator@D@2@@std@@_N@Z) в функции "public: virtual unsigned int __thiscall CryptoPP::SourceTemplate<class CryptoPP::StringStore>::PumpMessages2(unsigned int &,bool)" (?PumpMessages2@?$SourceTemplate@VStringStore@CryptoPP@@@CryptoPP@@UAEIAAI_N@Z).
laba6.obj : error LNK2019: ссылка на неразрешенный внешний символ "public: unsigned int __thiscall CryptoPP::BufferedTransformation::TransferAllTo2(class CryptoPP::BufferedTransformation &,class std::basic_string<char,struct std::char_traits<char>,class std::allocator<char> > const &,bool)" (?TransferAllTo2@BufferedTransformation@CryptoPP@@QAEIAAV12@ABV?$basic_string@DU?$char_traits@D@std@@V?$allocator@D@2@@std@@_N@Z) в функции "public: virtual unsigned int __thiscall CryptoPP::SourceTemplate<class CryptoPP::StringStore>::PumpAll2(bool)" (?PumpAll2@?$SourceTemplate@VStringStore@CryptoPP@@@CryptoPP@@UAEI_N@Z).
laba6.obj : error LNK2001: неразрешенный внешний символ "public: virtual unsigned char * __thiscall CryptoPP::BufferedTransformation::ChannelCreatePutSpace(class std::basic_string<char,struct std::char_traits<char>,class std::allocator<char> > const &,unsigned int &)" (?ChannelCreatePutSpace@BufferedTransformation@CryptoPP@@UAEPAEABV?$basic_string@DU?$char_traits@D@std@@V?$allocator@D@2@@std@@AAI@Z).
laba6.obj : error LNK2001: неразрешенный внешний символ "public: virtual unsigned int __thiscall CryptoPP::BufferedTransformation::ChannelPut2(class std::basic_string<char,struct std::char_traits<char>,class std::allocator<char> > const &,unsigned char const *,unsigned int,int,bool)" (?ChannelPut2@BufferedTransformation@CryptoPP@@UAEIABV?$basic_string@DU?$char_traits@D@std@@V?$allocator@D@2@@std@@PBEIH_N@Z).
laba6.obj : error LNK2001: неразрешенный внешний символ "public: virtual unsigned int __thiscall CryptoPP::BufferedTransformation::ChannelPutModifiable2(class std::basic_string<char,struct std::char_traits<char>,class std::allocator<char> > const &,unsigned char *,unsigned int,int,bool)" (?ChannelPutModifiable2@BufferedTransformation@CryptoPP@@UAEIABV?$basic_string@DU?$char_traits@D@std@@V?$allocator@D@2@@std@@PAEIH_N@Z).
laba6.obj : error LNK2001: неразрешенный внешний символ "public: virtual bool __thiscall CryptoPP::BufferedTransformation::ChannelFlush(class std::basic_string<char,struct std::char_traits<char>,class std::allocator<char> > const &,bool,int,bool)" (?ChannelFlush@BufferedTransformation@CryptoPP@@UAE_NABV?$basic_string@DU?$char_traits@D@std@@V?$allocator@D@2@@std@@_NH1@Z).
laba6.obj : error LNK2001: неразрешенный внешний символ "public: virtual bool __thiscall CryptoPP::BufferedTransformation::ChannelMessageSeriesEnd(class std::basic_string<char,struct std::char_traits<char>,class std::allocator<char> > const &,int,bool)" (?ChannelMessageSeriesEnd@BufferedTransformation@CryptoPP@@UAE_NABV?$basic_string@DU?$char_traits@D@std@@V?$allocator@D@2@@std@@H_N@Z).
laba6.obj : error LNK2001: неразрешенный внешний символ "public: virtual void __thiscall CryptoPP::BufferedTransformation::SetRetrievalChannel(class std::basic_string<char,struct std::char_traits<char>,class std::allocator<char> > const &)" (?SetRetrievalChannel@BufferedTransformation@CryptoPP@@UAEXABV?$basic_string@DU?$char_traits@D@std@@V?$allocator@D@2@@std@@@Z).
laba6.obj : error LNK2001: неразрешенный внешний символ "public: virtual void __thiscall CryptoPP::BufferedTransformation::Attach(class CryptoPP::BufferedTransformation *)" (?Attach@BufferedTransformation@CryptoPP@@UAEXPAV12@@Z).
laba6.obj : error LNK2001: неразрешенный внешний символ "public: virtual bool __thiscall CryptoPP::Store::GetNextMessage(void)" (?GetNextMessage@Store@CryptoPP@@UAE_NXZ).
laba6.obj : error LNK2019: ссылка на неразрешенный внешний символ "void * __cdecl CryptoPP::AlignedAllocate(unsigned int)" (?AlignedAllocate@CryptoPP@@YAPAXI@Z) в функции "public: unsigned char * __thiscall CryptoPP::AllocatorWithCleanup<unsigned char,0>::allocate(unsigned int,void const *)" (?allocate@?$AllocatorWithCleanup@E$0A@@CryptoPP@@QAEPAEIPBX@Z).
laba6.obj : error LNK2019: ссылка на неразрешенный внешний символ "void __cdecl CryptoPP::AlignedDeallocate(void *)" (?AlignedDeallocate@CryptoPP@@YAXPAX@Z) в функции "public: void __thiscall CryptoPP::AllocatorWithCleanup<unsigned char,0>::deallocate(void *,unsigned int)" (?deallocate@?$AllocatorWithCleanup@E$0A@@CryptoPP@@QAEXPAXI@Z).
laba6.obj : error LNK2019: ссылка на неразрешенный внешний символ "void * __cdecl CryptoPP::UnalignedAllocate(unsigned int)" (?UnalignedAllocate@CryptoPP@@YAPAXI@Z) в функции "public: unsigned char * __thiscall CryptoPP::AllocatorWithCleanup<unsigned char,0>::allocate(unsigned int,void const *)" (?allocate@?$AllocatorWithCleanup@E$0A@@CryptoPP@@QAEPAEIPBX@Z).
laba6.obj : error LNK2019: ссылка на неразрешенный внешний символ "void __cdecl CryptoPP::UnalignedDeallocate(void *)" (?UnalignedDeallocate@CryptoPP@@YAXPAX@Z) в функции "public: void __thiscall CryptoPP::AllocatorWithCleanup<unsigned char,0>::deallocate(void *,unsigned int)" (?deallocate@?$AllocatorWithCleanup@E$0A@@CryptoPP@@QAEXPAXI@Z).
laba6.obj : error LNK2019: ссылка на неразрешенный внешний символ "bool __cdecl CryptoPP::AssignIntToInteger(class type_info const &,void *,void const *)" (?AssignIntToInteger@CryptoPP@@YA_NABVtype_info@@PAXPBX@Z) в функции "public: virtual void __thiscall CryptoPP::AlgorithmParametersTemplate<int>::AssignValue(char const *,class type_info const &,void *)const " (?AssignValue@?$AlgorithmParametersTemplate@H@CryptoPP@@UBEXPBDABVtype_info@@PAX@Z).
laba6.obj : error LNK2019: ссылка на неразрешенный внешний символ "public: __thiscall CryptoPP::AlgorithmParameters::AlgorithmParameters(void)" (??0AlgorithmParameters@CryptoPP@@QAE@XZ) в функции "class CryptoPP::AlgorithmParameters __cdecl CryptoPP::MakeParameters<class CryptoPP::ConstByteArrayParameter>(char const *,class CryptoPP::ConstByteArrayParameter const &,bool)" (??$MakeParameters@VConstByteArrayParameter@CryptoPP@@@CryptoPP@@YA?AVAlgorithmParameters@0@PBDABVConstByteArrayParameter@0@_N@Z).
laba6.obj : error LNK2019: ссылка на неразрешенный внешний символ "public: __thiscall CryptoPP::AlgorithmParameters::AlgorithmParameters(class CryptoPP::AlgorithmParameters const &)" (??0AlgorithmParameters@CryptoPP@@QAE@ABV01@@Z) в функции "class CryptoPP::AlgorithmParameters __cdecl CryptoPP::MakeParameters<class CryptoPP::ConstByteArrayParameter>(char const *,class CryptoPP::ConstByteArrayParameter const &,bool)" (??$MakeParameters@VConstByteArrayParameter@CryptoPP@@@CryptoPP@@YA?AVAlgorithmParameters@0@PBDABVConstByteArrayParameter@0@_N@Z).
laba6.obj : error LNK2019: ссылка на неразрешенный внешний символ "public: __thiscall CryptoPP::Filter::Filter(class CryptoPP::BufferedTransformation *)" (??0Filter@CryptoPP@@QAE@PAVBufferedTransformation@1@@Z) в функции "public: __thiscall CryptoPP::Bufferless<class CryptoPP::Filter>::Bufferless<class CryptoPP::Filter>(void)" (??0?$Bufferless@VFilter@CryptoPP@@@CryptoPP@@QAE@XZ).
laba6.obj : error LNK2001: неразрешенный внешний символ "public: virtual class CryptoPP::BufferedTransformation * __thiscall CryptoPP::Filter::AttachedTransformation(void)" (?AttachedTransformation@Filter@CryptoPP@@UAEPAVBufferedTransformation@2@XZ).
laba6.obj : error LNK2001: неразрешенный внешний символ "public: virtual class CryptoPP::BufferedTransformation const * __thiscall CryptoPP::Filter::AttachedTransformation(void)const " (?AttachedTransformation@Filter@CryptoPP@@UBEPBVBufferedTransformation@2@XZ).
laba6.obj : error LNK2019: ссылка на неразрешенный внешний символ "public: virtual void __thiscall CryptoPP::Filter::Detach(class CryptoPP::BufferedTransformation *)" (?Detach@Filter@CryptoPP@@UAEXPAVBufferedTransformation@2@@Z) в функции "public: __thiscall CryptoPP::BaseN_Encoder::BaseN_Encoder(class CryptoPP::BufferedTransformation *)" (??0BaseN_Encoder@CryptoPP@@QAE@PAVBufferedTransformation@1@@Z).
laba6.obj : error LNK2001: неразрешенный внешний символ "public: virtual unsigned int __thiscall CryptoPP::Filter::TransferTo2(class CryptoPP::BufferedTransformation &,unsigned __int64 &,class std::basic_string<char,struct std::char_traits<char>,class std::allocator<char> > const &,bool)" (?TransferTo2@Filter@CryptoPP@@UAEIAAVBufferedTransformation@2@AA_KABV?$basic_string@DU?$char_traits@D@std@@V?$allocator@D@2@@std@@_N@Z).
laba6.obj : error LNK2001: неразрешенный внешний символ "public: virtual unsigned int __thiscall CryptoPP::Filter::CopyRangeTo2(class CryptoPP::BufferedTransformation &,unsigned __int64 &,unsigned __int64,class std::basic_string<char,struct std::char_traits<char>,class std::allocator<char> > const &,bool)const " (?CopyRangeTo2@Filter@CryptoPP@@UBEIAAVBufferedTransformation@2@AA_K_KABV?$basic_string@DU?$char_traits@D@std@@V?$allocator@D@2@@std@@_N@Z).
laba6.obj : error LNK2001: неразрешенный внешний символ "public: virtual void __thiscall CryptoPP::Filter::Initialize(class CryptoPP::NameValuePairs const &,int)" (?Initialize@Filter@CryptoPP@@UAEXABVNameValuePairs@2@H@Z).
laba6.obj : error LNK2001: неразрешенный внешний символ "public: virtual bool __thiscall CryptoPP::Filter::Flush(bool,int,bool)" (?Flush@Filter@CryptoPP@@UAE_N_NH0@Z).
laba6.obj : error LNK2001: неразрешенный внешний символ "public: virtual bool __thiscall CryptoPP::Filter::MessageSeriesEnd(int,bool)" (?MessageSeriesEnd@Filter@CryptoPP@@UAE_NH_N@Z).
laba6.obj : error LNK2001: неразрешенный внешний символ "protected: virtual class CryptoPP::BufferedTransformation * __thiscall CryptoPP::Filter::NewDefaultAttachment(void)const " (?NewDefaultAttachment@Filter@CryptoPP@@MBEPAVBufferedTransformation@2@XZ).
laba6.obj : error LNK2001: неразрешенный внешний символ "public: virtual void __thiscall CryptoPP::FilterWithBufferedInput::IsolatedInitialize(class CryptoPP::NameValuePairs const &)" (?IsolatedInitialize@FilterWithBufferedInput@CryptoPP@@UAEXABVNameValuePairs@2@@Z).
laba6.obj : error LNK2001: неразрешенный внешний символ "public: virtual bool __thiscall CryptoPP::FilterWithBufferedInput::IsolatedFlush(bool,bool)" (?IsolatedFlush@FilterWithBufferedInput@CryptoPP@@UAE_N_N0@Z).
laba6.obj : error LNK2001: неразрешенный внешний символ "protected: virtual void __thiscall CryptoPP::FilterWithBufferedInput::NextPutMultiple(unsigned char const *,unsigned int)" (?NextPutMultiple@FilterWithBufferedInput@CryptoPP@@MAEXPBEI@Z).
laba6.obj : error LNK2019: ссылка на неразрешенный внешний символ "protected: unsigned int __thiscall CryptoPP::FilterWithBufferedInput::PutMaybeModifiable(unsigned char *,unsigned int,int,bool,bool)" (?PutMaybeModifiable@FilterWithBufferedInput@CryptoPP@@IAEIPAEIH_N1@Z) в функции "public: virtual unsigned int __thiscall CryptoPP::FilterWithBufferedInput::Put2(unsigned char const *,unsigned int,int,bool)" (?Put2@FilterWithBufferedInput@CryptoPP@@UAEIPBEIH_N@Z).
laba6.obj : error LNK2019: ссылка на неразрешенный внешний символ "public: __thiscall CryptoPP::HashFilter::HashFilter(class CryptoPP::HashTransformation &,class CryptoPP::BufferedTransformation *,bool,int,class std::basic_string<char,struct std::char_traits<char>,class std::allocator<char> > const &,class std::basic_string<char,struct std::char_traits<char>,class std::allocator<char> > const &)" (??0HashFilter@CryptoPP@@QAE@AAVHashTransformation@1@PAVBufferedTransformation@1@_NHABV?$basic_string@DU?$char_traits@D@std@@V?$allocator@D@2@@std@@3@Z) в функции "class std::basic_string<char,struct std::char_traits<char>,class std::allocator<char> > __cdecl hashPassword(class std::basic_string<char,struct std::char_traits<char>,class std::allocator<char> > const &)" (?hashPassword@@YA?AV?$basic_string@DU?$char_traits@D@std@@V?$allocator@D@2@@std@@ABV12@@Z).
laba6.obj : error LNK2019: ссылка на неразрешенный внешний символ "public: __thiscall CryptoPP::ProxyFilter::ProxyFilter(class CryptoPP::BufferedTransformation *,unsigned int,unsigned int,class CryptoPP::BufferedTransformation *)" (??0ProxyFilter@CryptoPP@@QAE@PAVBufferedTransformation@1@II0@Z) в функции "public: __thiscall CryptoPP::SimpleProxyFilter::SimpleProxyFilter(class CryptoPP::BufferedTransformation *,class CryptoPP::BufferedTransformation *)" (??0SimpleProxyFilter@CryptoPP@@QAE@PAVBufferedTransformation@1@0@Z).
laba6.obj : error LNK2001: неразрешенный внешний символ "public: virtual bool __thiscall CryptoPP::ProxyFilter::IsolatedFlush(bool,bool)" (?IsolatedFlush@ProxyFilter@CryptoPP@@UAE_N_N0@Z).
laba6.obj : error LNK2001: неразрешенный внешний символ "public: virtual void __thiscall CryptoPP::ProxyFilter::NextPutMultiple(unsigned char const *,unsigned int)" (?NextPutMultiple@ProxyFilter@CryptoPP@@UAEXPBEI@Z).
laba6.obj : error LNK2001: неразрешенный внешний символ "public: virtual void __thiscall CryptoPP::ProxyFilter::NextPutModifiable(unsigned char *,unsigned int)" (?NextPutModifiable@ProxyFilter@CryptoPP@@UAEXPAEI@Z).
laba6.obj : error LNK2001: неразрешенный внешний символ "public: virtual unsigned int __thiscall CryptoPP::StringStore::TransferTo2(class CryptoPP::BufferedTransformation &,unsigned __int64 &,class std::basic_string<char,struct std::char_traits<char>,class std::allocator<char> > const &,bool)" (?TransferTo2@StringStore@CryptoPP@@UAEIAAVBufferedTransformation@2@AA_KABV?$basic_string@DU?$char_traits@D@std@@V?$allocator@D@2@@std@@_N@Z).
laba6.obj : error LNK2001: неразрешенный внешний символ "public: virtual unsigned int __thiscall CryptoPP::StringStore::CopyRangeTo2(class CryptoPP::BufferedTransformation &,unsigned __int64 &,unsigned __int64,class std::basic_string<char,struct std::char_traits<char>,class std::allocator<char> > const &,bool)const " (?CopyRangeTo2@StringStore@CryptoPP@@UBEIAAVBufferedTransformation@2@AA_K_KABV?$basic_string@DU?$char_traits@D@std@@V?$allocator@D@2@@std@@_N@Z).
laba6.obj : error LNK2019: ссылка на неразрешенный внешний символ "private: virtual void __thiscall CryptoPP::StringStore::StoreInitialize(class CryptoPP::NameValuePairs const &)" (?StoreInitialize@StringStore@CryptoPP@@EAEXABVNameValuePairs@2@@Z) в функции "public: __thiscall CryptoPP::StringStore::StringStore(char const *)" (??0StringStore@CryptoPP@@QAE@PBD@Z).
laba6.obj : error LNK2001: неразрешенный внешний символ "public: virtual void __thiscall CryptoPP::BaseN_Encoder::IsolatedInitialize(class CryptoPP::NameValuePairs const &)" (?IsolatedInitialize@BaseN_Encoder@CryptoPP@@UAEXABVNameValuePairs@2@@Z).
laba6.obj : error LNK2001: неразрешенный внешний символ "public: virtual unsigned int __thiscall CryptoPP::BaseN_Encoder::Put2(unsigned char const *,unsigned int,int,bool)" (?Put2@BaseN_Encoder@CryptoPP@@UAEIPBEIH_N@Z).
laba6.obj : error LNK2001: неразрешенный внешний символ "public: virtual void __thiscall CryptoPP::Grouper::IsolatedInitialize(class CryptoPP::NameValuePairs const &)" (?IsolatedInitialize@Grouper@CryptoPP@@UAEXABVNameValuePairs@2@@Z).
laba6.obj : error LNK2001: неразрешенный внешний символ "public: virtual unsigned int __thiscall CryptoPP::Grouper::Put2(unsigned char const *,unsigned int,int,bool)" (?Put2@Grouper@CryptoPP@@UAEIPBEIH_N@Z).
laba6.obj : error LNK2019: ссылка на неразрешенный внешний символ "public: virtual void __thiscall CryptoPP::HexEncoder::IsolatedInitialize(class CryptoPP::NameValuePairs const &)" (?IsolatedInitialize@HexEncoder@CryptoPP@@UAEXABVNameValuePairs@2@@Z) в функции "public: __thiscall CryptoPP::HexEncoder::HexEncoder(class CryptoPP::BufferedTransformation *,bool,int,class std::basic_string<char,struct std::char_traits<char>,class std::allocator<char> > const &,class std::basic_string<char,struct std::char_traits<char>,class std::allocator<char> > const &)" (??0HexEncoder@CryptoPP@@QAE@PAVBufferedTransformation@1@_NHABV?$basic_string@DU?$char_traits@D@std@@V?$allocator@D@2@@std@@2@Z).
laba6.obj : error LNK2001: неразрешенный внешний символ "public: virtual void __thiscall CryptoPP::IteratedHashBase<unsigned int,class CryptoPP::HashTransformation>::Update(unsigned char const *,unsigned int)" (?Update@?$IteratedHashBase@IVHashTransformation@CryptoPP@@@CryptoPP@@UAEXPBEI@Z).
laba6.obj : error LNK2001: неразрешенный внешний символ "public: virtual unsigned char * __thiscall CryptoPP::IteratedHashBase<unsigned int,class CryptoPP::HashTransformation>::CreateUpdateSpace(unsigned int &)" (?CreateUpdateSpace@?$IteratedHashBase@IVHashTransformation@CryptoPP@@@CryptoPP@@UAEPAEAAI@Z).
laba6.obj : error LNK2001: неразрешенный внешний символ "public: virtual void __thiscall CryptoPP::IteratedHashBase<unsigned int,class CryptoPP::HashTransformation>::Restart(void)" (?Restart@?$IteratedHashBase@IVHashTransformation@CryptoPP@@@CryptoPP@@UAEXXZ).
laba6.obj : error LNK2001: неразрешенный внешний символ "public: virtual void __thiscall CryptoPP::IteratedHashBase<unsigned int,class CryptoPP::HashTransformation>::TruncatedFinal(unsigned char *,unsigned int)" (?TruncatedFinal@?$IteratedHashBase@IVHashTransformation@CryptoPP@@@CryptoPP@@UAEXPAEI@Z).
laba6.obj : error LNK2001: неразрешенный внешний символ "protected: virtual unsigned int __thiscall CryptoPP::IteratedHashBase<unsigned int,class CryptoPP::HashTransformation>::HashMultipleBlocks(unsigned int const *,unsigned int)" (?HashMultipleBlocks@?$IteratedHashBase@IVHashTransformation@CryptoPP@@@CryptoPP@@MAEIPBII@Z).
laba6.obj : error LNK2019: ссылка на неразрешенный внешний символ "public: static void __cdecl CryptoPP::Weak1::MD5::InitState(unsigned int *)" (?InitState@MD5@Weak1@CryptoPP@@SAXPAI@Z) в функции "protected: virtual void __thiscall CryptoPP::IteratedHashWithStaticTransform<unsigned int,struct CryptoPP::EnumToType<enum CryptoPP::ByteOrder,0>,64,16,class CryptoPP::Weak1::MD5,0,0>::Init(void)" (?Init@?$IteratedHashWithStaticTransform@IU?$EnumToType@W4ByteOrder@CryptoPP@@$0A@@CryptoPP@@$0EA@$0BA@VMD5@Weak1@2@$0A@$0A@@CryptoPP@@MAEXXZ).
laba6.obj : error LNK2019: ссылка на неразрешенный внешний символ "public: static void __cdecl CryptoPP::Weak1::MD5::Transform(unsigned int *,unsigned int const *)" (?Transform@MD5@Weak1@CryptoPP@@SAXPAIPBI@Z) в функции "protected: virtual void __thiscall CryptoPP::IteratedHashWithStaticTransform<unsigned int,struct CryptoPP::EnumToType<enum CryptoPP::ByteOrder,0>,64,16,class CryptoPP::Weak1::MD5,0,0>::HashEndianCorrectedBlock(unsigned int const *)" (?HashEndianCorrectedBlock@?$IteratedHashWithStaticTransform@IU?$EnumToType@W4ByteOrder@CryptoPP@@$0A@@CryptoPP@@$0EA@$0BA@VMD5@Weak1@2@$0A@$0A@@CryptoPP@@MAEXPBI@Z).
laba6.obj : error LNK2019: ссылка на неразрешенный внешний символ "class std::basic_string<char,struct std::char_traits<char>,class std::allocator<char> > __cdecl inputPassword(void)" (?inputPassword@@YA?AV?$basic_string@DU?$char_traits@D@std@@V?$allocator@D@2@@std@@XZ) в функции "bool __cdecl changePassword(class std::basic_string<char,struct std::char_traits<char>,class std::allocator<char> > const &)" (?changePassword@@YA_NABV?$basic_string@DU?$char_traits@D@std@@V?$allocator@D@2@@std@@@Z).
laba6.obj : error LNK2001: неразрешенный внешний символ "class std::basic_string<char,struct std::char_traits<char>,class std::allocator<char> > const CryptoPP::DEFAULT_CHANNEL" (?DEFAULT_CHANNEL@CryptoPP@@3V?$basic_string@DU?$char_traits@D@std@@V?$allocator@D@2@@std@@B).
libcpmtd.lib(_tolower.obj) : error LNK2019: ссылка на неразрешенный внешний символ __wcsdup_dbg в функции __Getctype.
libcpmtd.lib(xstrcoll.obj) : error LNK2001: неразрешенный внешний символ __wcsdup_dbg.
libcpmtd.lib(locale.obj) : error LNK2019: ссылка на неразрешенный внешний символ __realloc_dbg в функции "private: static void __cdecl std::locale::_Locimp::_Locimp_Addfac(class std::locale::_Locimp *,class std::locale::facet *,unsigned int)" (?_Locimp_Addfac@_Locimp@locale@std@@CAXPAV123@PAVfacet@23@I@Z).
libcpmtd.lib(StlLCMapStringA.obj) : error LNK2019: ссылка на неразрешенный внешний символ __CrtDbgReportW в функции __freea_crt.
libcpmtd.lib(xmbtowc.obj) : error LNK2001: неразрешенный внешний символ __CrtDbgReportW.
libcpmtd.lib(StlCompareStringA.obj) : error LNK2001: неразрешенный внешний символ __CrtDbgReportW.
D:\Visual Studio\repos\laba6\x64\Debug\laba6_StaticLib.lib : warning LNK4272: тип компьютера библиотеки "x64" конфликтует с типом целевого компьютера "x86"
C:\Users\val\Desktop\cryptopp\x64\Output\Release\cryptlib.lib : warning LNK4272: тип компьютера библиотеки "x64" конфликтует с типом целевого компьютера "x86"
D:\Visual Studio\repos\laba6\Debug\main.exe : fatal error LNK1120: неразрешенных внешних элементов: 80
