  keys.cpp
D:\Visual Studio\repos\laba9\keys\keys.cpp(24,14): error C2039: "cerr": не является членом "std".
  D:\Visual Studio\2022\Community\VC\Tools\MSVC\14.38.33130\include\string(23,1):
   см. объявление "std"
  
D:\Visual Studio\repos\laba9\keys\keys.cpp(24,14): error C2065: cerr: необъявленный идентификатор
D:\Visual Studio\repos\laba9\keys\keys.cpp(24,77): error C2039: "endl": не является членом "std".
  D:\Visual Studio\2022\Community\VC\Tools\MSVC\14.38.33130\include\string(23,1):
   см. объявление "std"
  
D:\Visual Studio\repos\laba9\keys\keys.cpp(24,77): error C2065: endl: необъявленный идентификатор
D:\Visual Studio\repos\laba9\keys\keys.cpp(35,14): error C2039: "cerr": не является членом "std".
  D:\Visual Studio\2022\Community\VC\Tools\MSVC\14.38.33130\include\string(23,1):
   см. объявление "std"
  
D:\Visual Studio\repos\laba9\keys\keys.cpp(35,14): error C2065: cerr: необъявленный идентификатор
D:\Visual Studio\repos\laba9\keys\keys.cpp(35,76): error C2039: "endl": не является членом "std".
  D:\Visual Studio\2022\Community\VC\Tools\MSVC\14.38.33130\include\string(23,1):
   см. объявление "std"
  
D:\Visual Studio\repos\laba9\keys\keys.cpp(35,76): error C2065: endl: необъявленный идентификатор
D:\Visual Studio\repos\laba9\keys\keys.cpp(10,16): error C4996: 'RSA_new': Since OpenSSL 3.0
D:\Visual Studio\repos\laba9\keys\keys.cpp(14,5): error C4996: 'RSA_generate_key_ex': Since OpenSSL 3.0
D:\Visual Studio\repos\laba9\keys\keys.cpp(20,9): error C4996: 'PEM_write_RSAPrivateKey': Since OpenSSL 3.0
D:\Visual Studio\repos\laba9\keys\keys.cpp(31,9): error C4996: 'PEM_write_RSA_PUBKEY': Since OpenSSL 3.0
D:\Visual Studio\repos\laba9\keys\keys.cpp(38,5): error C4996: 'RSA_free': Since OpenSSL 3.0
